0 info it worked if it ends with ok
1 verbose cli [ '/usr/local/Cellar/nvm/0.23.3/versions/node/v4.0.0/bin/node',
1 verbose cli   '/usr/local/opt/nvm/versions/node/v4.0.0/bin/npm',
1 verbose cli   'start' ]
2 info using npm@2.14.2
3 info using node@v4.0.0
4 verbose run-script [ 'prestart', 'start', 'poststart' ]
5 info prestart xingzhi@1.0.0
6 info start xingzhi@1.0.0
7 verbose unsafe-perm in lifecycle true
8 info xingzhi@1.0.0 Failed to exec start script
9 verbose stack Error: xingzhi@1.0.0 start: `supervisor ./bin/www`
9 verbose stack spawn ENOENT
9 verbose stack     at ChildProcess.<anonymous> (/usr/local/Cellar/nvm/0.23.3/versions/node/v4.0.0/lib/node_modules/npm/lib/utils/spawn.js:17:16)
9 verbose stack     at emitTwo (events.js:87:13)
9 verbose stack     at ChildProcess.emit (events.js:172:7)
9 verbose stack     at maybeClose (internal/child_process.js:817:16)
9 verbose stack     at Process.ChildProcess._handle.onexit (internal/child_process.js:211:5)
10 verbose pkgid xingzhi@1.0.0
11 verbose cwd /Users/ahbing/node/xingzhi
12 error Darwin 14.3.0
13 error argv "/usr/local/Cellar/nvm/0.23.3/versions/node/v4.0.0/bin/node" "/usr/local/opt/nvm/versions/node/v4.0.0/bin/npm" "start"
14 error node v4.0.0
15 error npm  v2.14.2
16 error file sh
17 error code ELIFECYCLE
18 error errno ENOENT
19 error syscall spawn
20 error xingzhi@1.0.0 start: `supervisor ./bin/www`
20 error spawn ENOENT
21 error Failed at the xingzhi@1.0.0 start script 'supervisor ./bin/www'.
21 error This is most likely a problem with the xingzhi package,
21 error not with npm itself.
21 error Tell the author that this fails on your system:
21 error     supervisor ./bin/www
21 error You can get their info via:
21 error     npm owner ls xingzhi
21 error There is likely additional logging output above.
22 verbose exit [ 1, true ]
